\BOOKMARK [1][-]{section.1}{Introducci\363n}{}% 1
\BOOKMARK [1][-]{section.2}{Objetivos}{}% 2
\BOOKMARK [2][-]{subsection.2.1}{Objetivo General}{section.2}% 3
\BOOKMARK [2][-]{subsection.2.2}{Objetivos Espec\355ficos}{section.2}% 4
\BOOKMARK [1][-]{section.3}{Descripci\363n de la problem\341tica}{}% 5
\BOOKMARK [2][-]{subsection.3.1}{Motivaci\363n}{section.3}% 6
\BOOKMARK [2][-]{subsection.3.2}{Definici\363n de la problem\341tica}{section.3}% 7
\BOOKMARK [1][-]{section.4}{Descripci\363n de la soluci\363n propuesta}{}% 8
\BOOKMARK [1][-]{section.5}{Modelamiento}{}% 9
\BOOKMARK [2][-]{subsection.5.1}{Funci\363n de la elipse}{section.5}% 10
\BOOKMARK [2][-]{subsection.5.2}{Transformaciones 3d}{section.5}% 11
\BOOKMARK [3][-]{subsubsection.5.2.1}{Rotaci\363n}{subsection.5.2}% 12
\BOOKMARK [3][-]{subsubsection.5.2.2}{Traslaci\363n}{subsection.5.2}% 13
\BOOKMARK [2][-]{subsection.5.3}{Distancia entre dos puntos}{section.5}% 14
\BOOKMARK [1][-]{section.6}{Dise\361o del problema}{}% 15
\BOOKMARK [2][-]{subsection.6.1}{Dise\361o preliminar}{section.6}% 16
\BOOKMARK [2][-]{subsection.6.2}{Dise\361o detallado}{section.6}% 17
\BOOKMARK [1][-]{section.7}{Metodolog\355a y herramientas a utilizar}{}% 18
\BOOKMARK [2][-]{subsection.7.1}{Metodolog\355a}{section.7}% 19
\BOOKMARK [2][-]{subsection.7.2}{Herramientas}{section.7}% 20
\BOOKMARK [3][-]{subsubsection.7.2.1}{Equipos}{subsection.7.2}% 21
\BOOKMARK [3][-]{subsubsection.7.2.2}{Herramientas de programaci\363n}{subsection.7.2}% 22
\BOOKMARK [1][-]{section.8}{An\341lisis de resultados}{}% 23
\BOOKMARK [2][-]{subsection.8.1}{Validaci\363n de resultados}{section.8}% 24
\BOOKMARK [2][-]{subsection.8.2}{Rendimiento preliminar}{section.8}% 25
\BOOKMARK [2][-]{subsection.8.3}{Problem\341ticas y funciones faltantes}{section.8}% 26
\BOOKMARK [1][-]{section.9}{Plan de Trabajo}{}% 27
\BOOKMARK [1][-]{section.10}{Conclusiones}{}% 28
\BOOKMARK [1][-]{section*.4}{Referencias}{}% 29
